<?xml version="1.0" encoding="UTF-8"?>
<!-- Generated by org.testng.reporters.JUnitXMLReporter -->
<testsuite ignored="4" hostname="DESKTOP-KK3ICD9" failures="0" tests="3" name="CheckoutTests" time="68.773" errors="0" timestamp="2024-03-25T12:10:00 IST">
  <testcase classname="com.amazon.tests.AddToCartTest" name="verifyUserCanAddItemToCart" time="7.919"/>
  <testcase classname="com.amazon.tests.UpdateShippingInfoTest" name="VerifyUserCanUpdateShippingInformation" time="34.265"/>
  <testcase classname="com.amazon.tests.RemoveFromCartTest" name="verifyUserCanRemoveItemFromCart" time="16.919"/>
  <testcase classname="com.setup.BaseClass" name="@AfterSuite afterSuite" time="0.0">
    <ignored/>
  </testcase> <!-- @AfterSuite afterSuite -->
  <testcase classname="com.setup.BaseClass" name="@AfterSuite afterSuite" time="0.0">
    <ignored/>
  </testcase> <!-- @AfterSuite afterSuite -->
  <testcase classname="com.setup.BaseClass" name="@BeforeSuite beforeSuite" time="0.0">
    <ignored/>
  </testcase> <!-- @BeforeSuite beforeSuite -->
  <testcase classname="com.setup.BaseClass" name="@BeforeSuite beforeSuite" time="0.0">
    <ignored/>
  </testcase> <!-- @BeforeSuite beforeSuite -->
</testsuite> <!-- CheckoutTests -->
