<?xml version="1.0" encoding="UTF-8"?>
<!-- Generated by org.testng.reporters.JUnitXMLReporter -->
<testsuite ignored="6" hostname="DESKTOP-KK3ICD9" failures="0" tests="5" name="CheckoutTests" time="123.196" errors="0" timestamp="2024-03-25T20:54:24 IST">
  <testcase classname="com.amazon.tests.AddToCartTest" name="verifyUserCanAddItemToCart" time="11.106"/>
  <testcase classname="com.amazon.tests.UpdateShippingInfoTest" name="VerifyUserCanUpdateShippingInformation" time="35.055"/>
  <testcase classname="com.amazon.tests.RemoveFromCartTest" name="verifyUserCanRemoveItemFromCart" time="25.371"/>
  <testcase classname="com.amazon.tests.NegativeTest" name="verifyEmptyShippingAddressFieldsError" time="29.885"/>
  <testcase classname="com.amazon.tests.NegativeTest" name="verifyInvalidPromoCodeError" time="8.16"/>
  <testcase classname="com.setup.BaseClass" name="@BeforeSuite beforeSuite" time="0.0">
    <ignored/>
  </testcase> <!-- @BeforeSuite beforeSuite -->
  <testcase classname="com.setup.BaseClass" name="@BeforeSuite beforeSuite" time="0.0">
    <ignored/>
  </testcase> <!-- @BeforeSuite beforeSuite -->
  <testcase classname="com.setup.BaseClass" name="@AfterSuite afterSuite" time="0.0">
    <ignored/>
  </testcase> <!-- @AfterSuite afterSuite -->
  <testcase classname="com.setup.BaseClass" name="@AfterSuite afterSuite" time="0.0">
    <ignored/>
  </testcase> <!-- @AfterSuite afterSuite -->
  <testcase classname="com.setup.BaseClass" name="@AfterSuite afterSuite" time="0.0">
    <ignored/>
  </testcase> <!-- @AfterSuite afterSuite -->
  <testcase classname="com.setup.BaseClass" name="@BeforeSuite beforeSuite" time="0.0">
    <ignored/>
  </testcase> <!-- @BeforeSuite beforeSuite -->
</testsuite> <!-- CheckoutTests -->
