<?xml version="1.0" encoding="UTF-8"?>
<testng-results ignored="0" total="3" passed="3" failed="0" skipped="0">
  <reporter-output>
    <line>
      <![CDATA[Navigated to https://www.amazon.com/ Successfully]]>
    </line>
    <line>
      <![CDATA[Entered cloud atlas by liam callanan in Search Box]]>
    </line>
    <line>
      <![CDATA[Clicked on Submit Search Button]]>
    </line>
    <line>
      <![CDATA[Clicked on Product]]>
    </line>
    <line>
      <![CDATA[Fetch text of Cart Count]]>
    </line>
    <line>
      <![CDATA[Clicked on Add To Cart Button]]>
    </line>
    <line>
      <![CDATA[Fetch text of Cart Count]]>
    </line>
    <line>
      <![CDATA[Added To Cart Message is displayed]]>
    </line>
    <line>
      <![CDATA[Test passed]]>
    </line>
    <line>
      <![CDATA[Hover over Sign In Button Successfully]]>
    </line>
    <line>
      <![CDATA[Clicked on Sign In Button]]>
    </line>
    <line>
      <![CDATA[Entered inlet.amazon@gmail.com in Email Field]]>
    </line>
    <line>
      <![CDATA[Clicked on Continue Button]]>
    </line>
    <line>
      <![CDATA[Entered Login@amazon99 in Password Field]]>
    </line>
    <line>
      <![CDATA[Clicked on LoginIn]]>
    </line>
    <line>
      <![CDATA[Entered cloud atlas by liam callanan in Search Box]]>
    </line>
    <line>
      <![CDATA[Clicked on Submit Search Button]]>
    </line>
    <line>
      <![CDATA[Clicked on Product]]>
    </line>
    <line>
      <![CDATA[Clicked on buy Now Button]]>
    </line>
    <line>
      <![CDATA[Clicked on Change Address Link]]>
    </line>
    <line>
      <![CDATA[Clicked on Add New Address]]>
    </line>
    <line>
      <![CDATA[Cleared text in Full Name]]>
    </line>
    <line>
      <![CDATA[Entered Auto in Full Name]]>
    </line>
    <line>
      <![CDATA[Entered 666666 in Phone Number]]>
    </line>
    <line>
      <![CDATA[Entered TEST in AddressLine]]>
    </line>
    <line>
      <![CDATA[Entered SACRAMENTO in City]]>
    </line>
    <line>
      <![CDATA[Clicked on State]]>
    </line>
    <line>
      <![CDATA[Clicked on California]]>
    </line>
    <line>
      <![CDATA[Entered 94203 in Zip Code]]>
    </line>
    <line>
      <![CDATA[Clicked on Use This Address Link]]>
    </line>
    <line>
      <![CDATA[Fetch text of Full Name]]>
    </line>
    <line>
      <![CDATA[Fetch text of Address Line 1]]>
    </line>
    <line>
      <![CDATA[Test passed]]>
    </line>
    <line>
      <![CDATA[Navigated to https://www.amazon.com/ Successfully]]>
    </line>
    <line>
      <![CDATA[Entered cloud atlas by liam callanan in Search Box]]>
    </line>
    <line>
      <![CDATA[Clicked on Submit Search Button]]>
    </line>
    <line>
      <![CDATA[Clicked on Product]]>
    </line>
    <line>
      <![CDATA[Clicked on Add To Cart Button]]>
    </line>
    <line>
      <![CDATA[Entered Atomic Habits by liam Daniels in Search Box]]>
    </line>
    <line>
      <![CDATA[Clicked on Submit Search Button]]>
    </line>
    <line>
      <![CDATA[Clicked on Product]]>
    </line>
    <line>
      <![CDATA[Clicked on Add To Cart Button]]>
    </line>
    <line>
      <![CDATA[Clicked on Go To Cart Button]]>
    </line>
    <line>
      <![CDATA[Fetch text of Cart Count]]>
    </line>
    <line>
      <![CDATA[Fetch text of Sub Total]]>
    </line>
    <line>
      <![CDATA[Clicked on Delete Item Button]]>
    </line>
    <line>
      <![CDATA[Fetch text of Cart Count]]>
    </line>
    <line>
      <![CDATA[Fetch text of Sub Total]]>
    </line>
    <line>
      <![CDATA[Test passed]]>
    </line>
  </reporter-output>
  <suite started-at="2024-03-25T12:08:51 IST" name="AmazonCheckoutTests" finished-at="2024-03-25T12:09:59 IST" duration-ms="68773">
    <groups>
    </groups>
    <test started-at="2024-03-25T12:08:51 IST" name="CheckoutTests" finished-at="2024-03-25T12:09:59 IST" duration-ms="68773">
      <class name="com.amazon.tests.AddToCartTest">
        <test-method is-config="true" signature="beforeSuite()[pri:0, instance:com.amazon.tests.AddToCartTest@45d84a20]" started-at="2024-03-25T12:08:51 IST" name="beforeSuite" finished-at="2024-03-25T12:08:51 IST" duration-ms="11" status="PASS">
          <reporter-output>
          </reporter-output>
        </test-method> <!-- beforeSuite -->
        <test-method is-config="true" signature="beforeClass()[pri:0, instance:com.amazon.tests.AddToCartTest@45d84a20]" started-at="2024-03-25T12:08:51 IST" name="beforeClass" finished-at="2024-03-25T12:08:54 IST" duration-ms="3857" status="PASS">
          <reporter-output>
          </reporter-output>
        </test-method> <!-- beforeClass -->
        <test-method is-config="true" signature="beforeMethod(java.lang.reflect.Method)[pri:0, instance:com.amazon.tests.AddToCartTest@45d84a20]" started-at="2024-03-25T12:08:54 IST" name="beforeMethod" finished-at="2024-03-25T12:08:54 IST" duration-ms="6" status="PASS">
          <params>
            <param index="0">
              <value>
                <![CDATA[public void com.amazon.tests.AddToCartTest.verifyUserCanAddItemToCart()]]>
              </value>
            </param>
          </params>
          <reporter-output>
          </reporter-output>
        </test-method> <!-- beforeMethod -->
        <test-method signature="verifyUserCanAddItemToCart()[pri:1, instance:com.amazon.tests.AddToCartTest@45d84a20]" started-at="2024-03-25T12:08:54 IST" name="verifyUserCanAddItemToCart" finished-at="2024-03-25T12:09:02 IST" duration-ms="7919" status="PASS">
          <reporter-output>
            <line>
              <![CDATA[Navigated to https://www.amazon.com/ Successfully]]>
            </line>
            <line>
              <![CDATA[Entered cloud atlas by liam callanan in Search Box]]>
            </line>
            <line>
              <![CDATA[Clicked on Submit Search Button]]>
            </line>
            <line>
              <![CDATA[Clicked on Product]]>
            </line>
            <line>
              <![CDATA[Fetch text of Cart Count]]>
            </line>
            <line>
              <![CDATA[Clicked on Add To Cart Button]]>
            </line>
            <line>
              <![CDATA[Fetch text of Cart Count]]>
            </line>
            <line>
              <![CDATA[Added To Cart Message is displayed]]>
            </line>
            <line>
              <![CDATA[Test passed]]>
            </line>
          </reporter-output>
        </test-method> <!-- verifyUserCanAddItemToCart -->
        <test-method is-config="true" signature="afterClass()[pri:0, instance:com.amazon.tests.AddToCartTest@45d84a20]" started-at="2024-03-25T12:09:02 IST" name="afterClass" finished-at="2024-03-25T12:09:03 IST" duration-ms="130" status="PASS">
          <reporter-output>
          </reporter-output>
        </test-method> <!-- afterClass -->
        <test-method is-config="true" signature="afterSuite()[pri:0, instance:com.amazon.tests.AddToCartTest@45d84a20]" started-at="2024-03-25T12:10:00 IST" name="afterSuite" finished-at="2024-03-25T12:10:00 IST" duration-ms="0" status="PASS">
          <reporter-output>
          </reporter-output>
        </test-method> <!-- afterSuite -->
      </class> <!-- com.amazon.tests.AddToCartTest -->
      <class name="com.amazon.tests.UpdateShippingInfoTest">
        <test-method is-config="true" signature="beforeClass()[pri:0, instance:com.amazon.tests.UpdateShippingInfoTest@66982506]" started-at="2024-03-25T12:09:03 IST" name="beforeClass" finished-at="2024-03-25T12:09:06 IST" duration-ms="3010" status="PASS">
          <reporter-output>
          </reporter-output>
        </test-method> <!-- beforeClass -->
        <test-method is-config="true" signature="beforeMethod(java.lang.reflect.Method)[pri:0, instance:com.amazon.tests.UpdateShippingInfoTest@66982506]" started-at="2024-03-25T12:09:06 IST" name="beforeMethod" finished-at="2024-03-25T12:09:06 IST" duration-ms="1" status="PASS">
          <params>
            <param index="0">
              <value>
                <![CDATA[public void com.amazon.tests.UpdateShippingInfoTest.VerifyUserCanUpdateShippingInformation()]]>
              </value>
            </param>
          </params>
          <reporter-output>
          </reporter-output>
        </test-method> <!-- beforeMethod -->
        <test-method signature="VerifyUserCanUpdateShippingInformation()[pri:1, instance:com.amazon.tests.UpdateShippingInfoTest@66982506]" started-at="2024-03-25T12:09:06 IST" name="VerifyUserCanUpdateShippingInformation" finished-at="2024-03-25T12:09:40 IST" duration-ms="34265" status="PASS">
          <reporter-output>
            <line>
              <![CDATA[Hover over Sign In Button Successfully]]>
            </line>
            <line>
              <![CDATA[Clicked on Sign In Button]]>
            </line>
            <line>
              <![CDATA[Entered inlet.amazon@gmail.com in Email Field]]>
            </line>
            <line>
              <![CDATA[Clicked on Continue Button]]>
            </line>
            <line>
              <![CDATA[Entered Login@amazon99 in Password Field]]>
            </line>
            <line>
              <![CDATA[Clicked on LoginIn]]>
            </line>
            <line>
              <![CDATA[Entered cloud atlas by liam callanan in Search Box]]>
            </line>
            <line>
              <![CDATA[Clicked on Submit Search Button]]>
            </line>
            <line>
              <![CDATA[Clicked on Product]]>
            </line>
            <line>
              <![CDATA[Clicked on buy Now Button]]>
            </line>
            <line>
              <![CDATA[Clicked on Change Address Link]]>
            </line>
            <line>
              <![CDATA[Clicked on Add New Address]]>
            </line>
            <line>
              <![CDATA[Cleared text in Full Name]]>
            </line>
            <line>
              <![CDATA[Entered Auto in Full Name]]>
            </line>
            <line>
              <![CDATA[Entered 666666 in Phone Number]]>
            </line>
            <line>
              <![CDATA[Entered TEST in AddressLine]]>
            </line>
            <line>
              <![CDATA[Entered SACRAMENTO in City]]>
            </line>
            <line>
              <![CDATA[Clicked on State]]>
            </line>
            <line>
              <![CDATA[Clicked on California]]>
            </line>
            <line>
              <![CDATA[Entered 94203 in Zip Code]]>
            </line>
            <line>
              <![CDATA[Clicked on Use This Address Link]]>
            </line>
            <line>
              <![CDATA[Fetch text of Full Name]]>
            </line>
            <line>
              <![CDATA[Fetch text of Address Line 1]]>
            </line>
            <line>
              <![CDATA[Test passed]]>
            </line>
          </reporter-output>
        </test-method> <!-- VerifyUserCanUpdateShippingInformation -->
        <test-method is-config="true" signature="afterClass()[pri:0, instance:com.amazon.tests.UpdateShippingInfoTest@66982506]" started-at="2024-03-25T12:09:40 IST" name="afterClass" finished-at="2024-03-25T12:09:40 IST" duration-ms="166" status="PASS">
          <reporter-output>
          </reporter-output>
        </test-method> <!-- afterClass -->
      </class> <!-- com.amazon.tests.UpdateShippingInfoTest -->
      <class name="com.amazon.tests.RemoveFromCartTest">
        <test-method is-config="true" signature="beforeClass()[pri:0, instance:com.amazon.tests.RemoveFromCartTest@70cf32e3]" started-at="2024-03-25T12:09:40 IST" name="beforeClass" finished-at="2024-03-25T12:09:42 IST" duration-ms="2325" status="PASS">
          <reporter-output>
          </reporter-output>
        </test-method> <!-- beforeClass -->
        <test-method is-config="true" signature="beforeMethod(java.lang.reflect.Method)[pri:0, instance:com.amazon.tests.RemoveFromCartTest@70cf32e3]" started-at="2024-03-25T12:09:42 IST" name="beforeMethod" finished-at="2024-03-25T12:09:42 IST" duration-ms="1" status="PASS">
          <params>
            <param index="0">
              <value>
                <![CDATA[public void com.amazon.tests.RemoveFromCartTest.verifyUserCanRemoveItemFromCart()]]>
              </value>
            </param>
          </params>
          <reporter-output>
          </reporter-output>
        </test-method> <!-- beforeMethod -->
        <test-method signature="verifyUserCanRemoveItemFromCart()[pri:1, instance:com.amazon.tests.RemoveFromCartTest@70cf32e3]" started-at="2024-03-25T12:09:42 IST" name="verifyUserCanRemoveItemFromCart" finished-at="2024-03-25T12:09:59 IST" duration-ms="16919" status="PASS">
          <reporter-output>
            <line>
              <![CDATA[Navigated to https://www.amazon.com/ Successfully]]>
            </line>
            <line>
              <![CDATA[Entered cloud atlas by liam callanan in Search Box]]>
            </line>
            <line>
              <![CDATA[Clicked on Submit Search Button]]>
            </line>
            <line>
              <![CDATA[Clicked on Product]]>
            </line>
            <line>
              <![CDATA[Clicked on Add To Cart Button]]>
            </line>
            <line>
              <![CDATA[Entered Atomic Habits by liam Daniels in Search Box]]>
            </line>
            <line>
              <![CDATA[Clicked on Submit Search Button]]>
            </line>
            <line>
              <![CDATA[Clicked on Product]]>
            </line>
            <line>
              <![CDATA[Clicked on Add To Cart Button]]>
            </line>
            <line>
              <![CDATA[Clicked on Go To Cart Button]]>
            </line>
            <line>
              <![CDATA[Fetch text of Cart Count]]>
            </line>
            <line>
              <![CDATA[Fetch text of Sub Total]]>
            </line>
            <line>
              <![CDATA[Clicked on Delete Item Button]]>
            </line>
            <line>
              <![CDATA[Fetch text of Cart Count]]>
            </line>
            <line>
              <![CDATA[Fetch text of Sub Total]]>
            </line>
            <line>
              <![CDATA[Test passed]]>
            </line>
          </reporter-output>
        </test-method> <!-- verifyUserCanRemoveItemFromCart -->
        <test-method is-config="true" signature="afterClass()[pri:0, instance:com.amazon.tests.RemoveFromCartTest@70cf32e3]" started-at="2024-03-25T12:09:59 IST" name="afterClass" finished-at="2024-03-25T12:09:59 IST" duration-ms="140" status="PASS">
          <reporter-output>
          </reporter-output>
        </test-method> <!-- afterClass -->
      </class> <!-- com.amazon.tests.RemoveFromCartTest -->
    </test> <!-- CheckoutTests -->
  </suite> <!-- AmazonCheckoutTests -->
</testng-results>
